  DataStruct.cpp
C:\Users\노준영\Desktop\DataStruct\DataStruct\HashTable.h(44,30): error C2672: 'begin': 일치하는 오버로드된 함수가 없습니다.
C:\Program Files\Microsoft Visual Studio\2022\Community\VC\Tools\MSVC\14.37.32822\include\xutility(1804,27): message : '_Ty *std::begin(_Ty (&)[_Size]) noexcept'일 수 있습니다.
C:\Users\노준영\Desktop\DataStruct\DataStruct\HashTable.h(44,30): message : '_Ty *std::begin(_Ty (&)[_Size]) noexcept': 'K'에서 '_Ty (&)[_Size]'에 대한 템플릿 인수를 추론할 수 없습니다.
          with
          [
              K=int
          ]
C:\Program Files\Microsoft Visual Studio\2022\Community\VC\Tools\MSVC\14.37.32822\include\xutility(1786,30): message : 또는       'unknown-type std::begin(const _Container &) noexcept(<expr>)'
C:\Users\노준영\Desktop\DataStruct\DataStruct\HashTable.h(44,30): message : 함수 템플릿 'unknown-type std::begin(const _Container &) noexcept(<expr>)'을(를) 특수화하지 못했습니다.
C:\Users\노준영\Desktop\DataStruct\DataStruct\HashTable.h(44,30): message : 다음 템플릿 인수 사용:
C:\Users\노준영\Desktop\DataStruct\DataStruct\HashTable.h(44,30): message : '_Container=K'
C:\Program Files\Microsoft Visual Studio\2022\Community\VC\Tools\MSVC\14.37.32822\include\xutility(1787,23): message : '.begin' 왼쪽에는 클래스/구조체/공용 구조체가 있어야 합니다.
C:\Program Files\Microsoft Visual Studio\2022\Community\VC\Tools\MSVC\14.37.32822\include\xutility(1787,23): message : 'const _Container' 형식입니다.
          with
          [
              _Container=int
          ]
C:\Program Files\Microsoft Visual Studio\2022\Community\VC\Tools\MSVC\14.37.32822\include\xutility(1780,30): message : 또는       'unknown-type std::begin(_Container &) noexcept(<expr>)'
C:\Users\노준영\Desktop\DataStruct\DataStruct\HashTable.h(44,30): message : 함수 템플릿 'unknown-type std::begin(_Container &) noexcept(<expr>)'을(를) 특수화하지 못했습니다.
C:\Users\노준영\Desktop\DataStruct\DataStruct\HashTable.h(44,30): message : 다음 템플릿 인수 사용:
C:\Users\노준영\Desktop\DataStruct\DataStruct\HashTable.h(44,30): message : '_Container=K'
C:\Program Files\Microsoft Visual Studio\2022\Community\VC\Tools\MSVC\14.37.32822\include\xutility(1781,23): message : '.begin' 왼쪽에는 클래스/구조체/공용 구조체가 있어야 합니다.
C:\Program Files\Microsoft Visual Studio\2022\Community\VC\Tools\MSVC\14.37.32822\include\xutility(1781,23): message : '_Container' 형식입니다.
          with
          [
              _Container=int
          ]
C:\Program Files\Microsoft Visual Studio\2022\Community\VC\Tools\MSVC\14.37.32822\include\initializer_list(55,35): message : 또는       'const _Elem *std::begin(std::initializer_list<_Elem>) noexcept'
C:\Users\노준영\Desktop\DataStruct\DataStruct\HashTable.h(44,30): message : 'const _Elem *std::begin(std::initializer_list<_Elem>) noexcept': 'K'에서 'std::initializer_list<_Elem>'에 대한 템플릿 인수를 추론할 수 없습니다.
          with
          [
              K=int
          ]
C:\Users\노준영\Desktop\DataStruct\DataStruct\HashTable.h(41,6): message : 클래스 템플릿 멤버 함수 'int HashTable<int,int>::HashFunction(K)'을(를) 컴파일하는 중입니다.
          with
          [
              K=int
          ]
C:\Users\노준영\Desktop\DataStruct\DataStruct\HashTable.h(66,17): message : 'HashTable<int,int>::Insert'에서 'HashTable<int,int>::HashFunction'에 대한 첫 번째 참조를 확인하세요.
C:\Users\노준영\Desktop\DataStruct\DataStruct\DataStruct.cpp(250,10): message : 'main'에서 'HashTable<int,int>::Insert'에 대한 첫 번째 참조를 확인하세요.
C:\Users\노준영\Desktop\DataStruct\DataStruct\DataStruct.cpp(249,21): message : 컴파일되는 클래스 템플릿 인스턴스화 'HashTable<int,int>'에 대한 참조를 확인하세요.
C:\Users\노준영\Desktop\DataStruct\DataStruct\HashTable.h(44,30): error C2672: 'end': 일치하는 오버로드된 함수가 없습니다.
C:\Program Files\Microsoft Visual Studio\2022\Community\VC\Tools\MSVC\14.37.32822\include\xutility(1809,27): message : '_Ty *std::end(_Ty (&)[_Size]) noexcept'일 수 있습니다.
C:\Users\노준영\Desktop\DataStruct\DataStruct\HashTable.h(44,30): message : '_Ty *std::end(_Ty (&)[_Size]) noexcept': 'K'에서 '_Ty (&)[_Size]'에 대한 템플릿 인수를 추론할 수 없습니다.
          with
          [
              K=int
          ]
C:\Program Files\Microsoft Visual Studio\2022\Community\VC\Tools\MSVC\14.37.32822\include\xutility(1798,30): message : 또는       'unknown-type std::end(const _Container &) noexcept(<expr>)'
C:\Users\노준영\Desktop\DataStruct\DataStruct\HashTable.h(44,30): message : 함수 템플릿 'unknown-type std::end(const _Container &) noexcept(<expr>)'을(를) 특수화하지 못했습니다.
C:\Users\노준영\Desktop\DataStruct\DataStruct\HashTable.h(44,30): message : 다음 템플릿 인수 사용:
C:\Users\노준영\Desktop\DataStruct\DataStruct\HashTable.h(44,30): message : '_Container=K'
C:\Program Files\Microsoft Visual Studio\2022\Community\VC\Tools\MSVC\14.37.32822\include\xutility(1799,23): message : '.end' 왼쪽에는 클래스/구조체/공용 구조체가 있어야 합니다.
C:\Program Files\Microsoft Visual Studio\2022\Community\VC\Tools\MSVC\14.37.32822\include\xutility(1799,23): message : 'const _Container' 형식입니다.
          with
          [
              _Container=int
          ]
C:\Program Files\Microsoft Visual Studio\2022\Community\VC\Tools\MSVC\14.37.32822\include\xutility(1792,30): message : 또는       'unknown-type std::end(_Container &) noexcept(<expr>)'
C:\Users\노준영\Desktop\DataStruct\DataStruct\HashTable.h(44,30): message : 함수 템플릿 'unknown-type std::end(_Container &) noexcept(<expr>)'을(를) 특수화하지 못했습니다.
C:\Users\노준영\Desktop\DataStruct\DataStruct\HashTable.h(44,30): message : 다음 템플릿 인수 사용:
C:\Users\노준영\Desktop\DataStruct\DataStruct\HashTable.h(44,30): message : '_Container=K'
C:\Program Files\Microsoft Visual Studio\2022\Community\VC\Tools\MSVC\14.37.32822\include\xutility(1793,23): message : '.end' 왼쪽에는 클래스/구조체/공용 구조체가 있어야 합니다.
C:\Program Files\Microsoft Visual Studio\2022\Community\VC\Tools\MSVC\14.37.32822\include\xutility(1793,23): message : '_Container' 형식입니다.
          with
          [
              _Container=int
          ]
C:\Program Files\Microsoft Visual Studio\2022\Community\VC\Tools\MSVC\14.37.32822\include\initializer_list(60,35): message : 또는       'const _Elem *std::end(std::initializer_list<_Elem>) noexcept'
C:\Users\노준영\Desktop\DataStruct\DataStruct\HashTable.h(44,30): message : 'const _Elem *std::end(std::initializer_list<_Elem>) noexcept': 'K'에서 'std::initializer_list<_Elem>'에 대한 템플릿 인수를 추론할 수 없습니다.
          with
          [
              K=int
          ]
C:\Users\노준영\Desktop\DataStruct\DataStruct\HashTable.h(44,30): error C3536: '<begin>$L0': 초기화되기 전에 사용할 수 없습니다.
C:\Users\노준영\Desktop\DataStruct\DataStruct\HashTable.h(44,30): error C3536: '<end>$L0': 초기화되기 전에 사용할 수 없습니다.
C:\Users\노준영\Desktop\DataStruct\DataStruct\HashTable.h(44,33): error C2100: 간접 참조가 잘못되었습니다.
